<?xml version="1.0" encoding="UTF-8"?>
<testsuite xmlns:xsi="http://www.w3.org/2001/XMLSchema-instance" xsi:noNamespaceSchemaLocation="https://maven.apache.org/surefire/maven-surefire-plugin/xsd/surefire-test-report.xsd" name="karate.KarateRunner" time="7.978" tests="1" errors="0" skipped="0" failures="1">
  <properties>
    <property name="java.specification.version" value="17"/>
    <property name="sun.jnu.encoding" value="UTF-8"/>
    <property name="java.class.path" value="/Users/gabrielnicora/repos/karate/target/test-classes:/Users/gabrielnicora/repos/karate/target/classes:/Users/gabrielnicora/.m2/repository/com/intuit/karate/karate-junit5/1.0.1/karate-junit5-1.0.1.jar:/Users/gabrielnicora/.m2/repository/com/intuit/karate/karate-core/1.0.1/karate-core-1.0.1.jar:/Users/gabrielnicora/.m2/repository/org/graalvm/js/js-scriptengine/21.0.0/js-scriptengine-21.0.0.jar:/Users/gabrielnicora/.m2/repository/org/graalvm/sdk/graal-sdk/21.0.0/graal-sdk-21.0.0.jar:/Users/gabrielnicora/.m2/repository/org/graalvm/js/js/21.0.0/js-21.0.0.jar:/Users/gabrielnicora/.m2/repository/org/graalvm/regex/regex/21.0.0/regex-21.0.0.jar:/Users/gabrielnicora/.m2/repository/org/graalvm/truffle/truffle-api/21.0.0/truffle-api-21.0.0.jar:/Users/gabrielnicora/.m2/repository/com/ibm/icu/icu4j/67.1/icu4j-67.1.jar:/Users/gabrielnicora/.m2/repository/ch/qos/logback/logback-classic/1.2.3/logback-classic-1.2.3.jar:/Users/gabrielnicora/.m2/repository/ch/qos/logback/logback-core/1.2.3/logback-core-1.2.3.jar:/Users/gabrielnicora/.m2/repository/org/slf4j/jcl-over-slf4j/1.7.25/jcl-over-slf4j-1.7.25.jar:/Users/gabrielnicora/.m2/repository/com/jayway/jsonpath/json-path/2.5.0/json-path-2.5.0.jar:/Users/gabrielnicora/.m2/repository/net/minidev/json-smart/2.3/json-smart-2.3.jar:/Users/gabrielnicora/.m2/repository/net/minidev/accessors-smart/1.2/accessors-smart-1.2.jar:/Users/gabrielnicora/.m2/repository/org/ow2/asm/asm/5.0.4/asm-5.0.4.jar:/Users/gabrielnicora/.m2/repository/info/cukes/cucumber-java/1.2.5/cucumber-java-1.2.5.jar:/Users/gabrielnicora/.m2/repository/info/cukes/cucumber-core/1.2.5/cucumber-core-1.2.5.jar:/Users/gabrielnicora/.m2/repository/org/yaml/snakeyaml/1.27/snakeyaml-1.27.jar:/Users/gabrielnicora/.m2/repository/de/siegmar/fastcsv/1.0.4/fastcsv-1.0.4.jar:/Users/gabrielnicora/.m2/repository/info/picocli/picocli/4.5.2/picocli-4.5.2.jar:/Users/gabrielnicora/.m2/repository/org/junit/jupiter/junit-jupiter-api/5.7.0/junit-jupiter-api-5.7.0.jar:/Users/gabrielnicora/.m2/repository/org/apiguardian/apiguardian-api/1.1.0/apiguardian-api-1.1.0.jar:/Users/gabrielnicora/.m2/repository/org/opentest4j/opentest4j/1.2.0/opentest4j-1.2.0.jar:/Users/gabrielnicora/.m2/repository/org/junit/platform/junit-platform-commons/1.7.0/junit-platform-commons-1.7.0.jar:/Users/gabrielnicora/.m2/repository/org/junit/jupiter/junit-jupiter-engine/5.7.0/junit-jupiter-engine-5.7.0.jar:/Users/gabrielnicora/.m2/repository/org/junit/platform/junit-platform-engine/1.7.0/junit-platform-engine-1.7.0.jar:/Users/gabrielnicora/.m2/repository/junit/junit/4.13.2/junit-4.13.2.jar:/Users/gabrielnicora/.m2/repository/org/hamcrest/hamcrest-core/1.3/hamcrest-core-1.3.jar:/Users/gabrielnicora/.m2/repository/net/masterthought/cucumber-reporting/5.0.0/cucumber-reporting-5.0.0.jar:/Users/gabrielnicora/.m2/repository/com/fasterxml/jackson/core/jackson-databind/2.9.10.1/jackson-databind-2.9.10.1.jar:/Users/gabrielnicora/.m2/repository/com/fasterxml/jackson/core/jackson-annotations/2.9.10/jackson-annotations-2.9.10.jar:/Users/gabrielnicora/.m2/repository/com/fasterxml/jackson/core/jackson-core/2.9.10/jackson-core-2.9.10.jar:/Users/gabrielnicora/.m2/repository/com/fasterxml/jackson/datatype/jackson-datatype-jsr310/2.10.1/jackson-datatype-jsr310-2.10.1.jar:/Users/gabrielnicora/.m2/repository/org/apache/velocity/velocity-engine-core/2.1/velocity-engine-core-2.1.jar:/Users/gabrielnicora/.m2/repository/org/slf4j/slf4j-api/1.7.26/slf4j-api-1.7.26.jar:/Users/gabrielnicora/.m2/repository/commons-collections/commons-collections/3.2.2/commons-collections-3.2.2.jar:/Users/gabrielnicora/.m2/repository/joda-time/joda-time/2.10.2/joda-time-2.10.2.jar:/Users/gabrielnicora/.m2/repository/org/apache/commons/commons-lang3/3.9/commons-lang3-3.9.jar:/Users/gabrielnicora/.m2/repository/commons-io/commons-io/2.6/commons-io-2.6.jar:/Users/gabrielnicora/.m2/repository/org/codehaus/plexus/plexus-utils/3.2.0/plexus-utils-3.2.0.jar:/Users/gabrielnicora/.m2/repository/org/jsoup/jsoup/1.12.1/jsoup-1.12.1.jar:/Users/gabrielnicora/.m2/repository/com/googlecode/owasp-java-html-sanitizer/owasp-java-html-sanitizer/20190610.1/owasp-java-html-sanitizer-20190610.1.jar:/Users/gabrielnicora/.m2/repository/com/google/guava/guava/27.1-jre/guava-27.1-jre.jar:/Users/gabrielnicora/.m2/repository/com/google/guava/failureaccess/1.0.1/failureaccess-1.0.1.jar:/Users/gabrielnicora/.m2/repository/com/google/guava/listenablefuture/9999.0-empty-to-avoid-conflict-with-guava/listenablefuture-9999.0-empty-to-avoid-conflict-with-guava.jar:/Users/gabrielnicora/.m2/repository/com/google/code/findbugs/jsr305/3.0.2/jsr305-3.0.2.jar:/Users/gabrielnicora/.m2/repository/org/checkerframework/checker-qual/2.5.2/checker-qual-2.5.2.jar:/Users/gabrielnicora/.m2/repository/com/google/errorprone/error_prone_annotations/2.2.0/error_prone_annotations-2.2.0.jar:/Users/gabrielnicora/.m2/repository/com/google/j2objc/j2objc-annotations/1.1/j2objc-annotations-1.1.jar:/Users/gabrielnicora/.m2/repository/org/codehaus/mojo/animal-sniffer-annotations/1.17/animal-sniffer-annotations-1.17.jar:/Users/gabrielnicora/.m2/repository/commons-configuration/commons-configuration/1.10/commons-configuration-1.10.jar:/Users/gabrielnicora/.m2/repository/commons-lang/commons-lang/2.6/commons-lang-2.6.jar:/Users/gabrielnicora/.m2/repository/commons-logging/commons-logging/1.1.1/commons-logging-1.1.1.jar:"/>
    <property name="java.vm.vendor" value="Eclipse Adoptium"/>
    <property name="sun.arch.data.model" value="64"/>
    <property name="karate.env" value="test"/>
    <property name="java.vendor.url" value="https://adoptium.net/"/>
    <property name="os.name" value="Mac OS X"/>
    <property name="java.vm.specification.version" value="17"/>
    <property name="sun.java.launcher" value="SUN_STANDARD"/>
    <property name="user.country" value="419"/>
    <property name="sun.boot.library.path" value="/Library/Java/JavaVirtualMachines/temurin-17.jdk/Contents/Home/lib"/>
    <property name="Karate.options" value="@payment"/>
    <property name="sun.java.command" value="/Users/gabrielnicora/repos/karate/target/surefire/surefirebooter16721255729199695432.jar /Users/gabrielnicora/repos/karate/target/surefire 2022-04-06T15-15-23_753-jvmRun1 surefire8376793716360204033tmp surefire_02312154477141695653tmp"/>
    <property name="http.nonProxyHosts" value="local|*.local|169.254/16|*.169.254/16"/>
    <property name="jdk.debug" value="release"/>
    <property name="test" value="KarateRunner"/>
    <property name="surefire.test.class.path" value="/Users/gabrielnicora/repos/karate/target/test-classes:/Users/gabrielnicora/repos/karate/target/classes:/Users/gabrielnicora/.m2/repository/com/intuit/karate/karate-junit5/1.0.1/karate-junit5-1.0.1.jar:/Users/gabrielnicora/.m2/repository/com/intuit/karate/karate-core/1.0.1/karate-core-1.0.1.jar:/Users/gabrielnicora/.m2/repository/org/graalvm/js/js-scriptengine/21.0.0/js-scriptengine-21.0.0.jar:/Users/gabrielnicora/.m2/repository/org/graalvm/sdk/graal-sdk/21.0.0/graal-sdk-21.0.0.jar:/Users/gabrielnicora/.m2/repository/org/graalvm/js/js/21.0.0/js-21.0.0.jar:/Users/gabrielnicora/.m2/repository/org/graalvm/regex/regex/21.0.0/regex-21.0.0.jar:/Users/gabrielnicora/.m2/repository/org/graalvm/truffle/truffle-api/21.0.0/truffle-api-21.0.0.jar:/Users/gabrielnicora/.m2/repository/com/ibm/icu/icu4j/67.1/icu4j-67.1.jar:/Users/gabrielnicora/.m2/repository/ch/qos/logback/logback-classic/1.2.3/logback-classic-1.2.3.jar:/Users/gabrielnicora/.m2/repository/ch/qos/logback/logback-core/1.2.3/logback-core-1.2.3.jar:/Users/gabrielnicora/.m2/repository/org/slf4j/jcl-over-slf4j/1.7.25/jcl-over-slf4j-1.7.25.jar:/Users/gabrielnicora/.m2/repository/com/jayway/jsonpath/json-path/2.5.0/json-path-2.5.0.jar:/Users/gabrielnicora/.m2/repository/net/minidev/json-smart/2.3/json-smart-2.3.jar:/Users/gabrielnicora/.m2/repository/net/minidev/accessors-smart/1.2/accessors-smart-1.2.jar:/Users/gabrielnicora/.m2/repository/org/ow2/asm/asm/5.0.4/asm-5.0.4.jar:/Users/gabrielnicora/.m2/repository/info/cukes/cucumber-java/1.2.5/cucumber-java-1.2.5.jar:/Users/gabrielnicora/.m2/repository/info/cukes/cucumber-core/1.2.5/cucumber-core-1.2.5.jar:/Users/gabrielnicora/.m2/repository/org/yaml/snakeyaml/1.27/snakeyaml-1.27.jar:/Users/gabrielnicora/.m2/repository/de/siegmar/fastcsv/1.0.4/fastcsv-1.0.4.jar:/Users/gabrielnicora/.m2/repository/info/picocli/picocli/4.5.2/picocli-4.5.2.jar:/Users/gabrielnicora/.m2/repository/org/junit/jupiter/junit-jupiter-api/5.7.0/junit-jupiter-api-5.7.0.jar:/Users/gabrielnicora/.m2/repository/org/apiguardian/apiguardian-api/1.1.0/apiguardian-api-1.1.0.jar:/Users/gabrielnicora/.m2/repository/org/opentest4j/opentest4j/1.2.0/opentest4j-1.2.0.jar:/Users/gabrielnicora/.m2/repository/org/junit/platform/junit-platform-commons/1.7.0/junit-platform-commons-1.7.0.jar:/Users/gabrielnicora/.m2/repository/org/junit/jupiter/junit-jupiter-engine/5.7.0/junit-jupiter-engine-5.7.0.jar:/Users/gabrielnicora/.m2/repository/org/junit/platform/junit-platform-engine/1.7.0/junit-platform-engine-1.7.0.jar:/Users/gabrielnicora/.m2/repository/junit/junit/4.13.2/junit-4.13.2.jar:/Users/gabrielnicora/.m2/repository/org/hamcrest/hamcrest-core/1.3/hamcrest-core-1.3.jar:/Users/gabrielnicora/.m2/repository/net/masterthought/cucumber-reporting/5.0.0/cucumber-reporting-5.0.0.jar:/Users/gabrielnicora/.m2/repository/com/fasterxml/jackson/core/jackson-databind/2.9.10.1/jackson-databind-2.9.10.1.jar:/Users/gabrielnicora/.m2/repository/com/fasterxml/jackson/core/jackson-annotations/2.9.10/jackson-annotations-2.9.10.jar:/Users/gabrielnicora/.m2/repository/com/fasterxml/jackson/core/jackson-core/2.9.10/jackson-core-2.9.10.jar:/Users/gabrielnicora/.m2/repository/com/fasterxml/jackson/datatype/jackson-datatype-jsr310/2.10.1/jackson-datatype-jsr310-2.10.1.jar:/Users/gabrielnicora/.m2/repository/org/apache/velocity/velocity-engine-core/2.1/velocity-engine-core-2.1.jar:/Users/gabrielnicora/.m2/repository/org/slf4j/slf4j-api/1.7.26/slf4j-api-1.7.26.jar:/Users/gabrielnicora/.m2/repository/commons-collections/commons-collections/3.2.2/commons-collections-3.2.2.jar:/Users/gabrielnicora/.m2/repository/joda-time/joda-time/2.10.2/joda-time-2.10.2.jar:/Users/gabrielnicora/.m2/repository/org/apache/commons/commons-lang3/3.9/commons-lang3-3.9.jar:/Users/gabrielnicora/.m2/repository/commons-io/commons-io/2.6/commons-io-2.6.jar:/Users/gabrielnicora/.m2/repository/org/codehaus/plexus/plexus-utils/3.2.0/plexus-utils-3.2.0.jar:/Users/gabrielnicora/.m2/repository/org/jsoup/jsoup/1.12.1/jsoup-1.12.1.jar:/Users/gabrielnicora/.m2/repository/com/googlecode/owasp-java-html-sanitizer/owasp-java-html-sanitizer/20190610.1/owasp-java-html-sanitizer-20190610.1.jar:/Users/gabrielnicora/.m2/repository/com/google/guava/guava/27.1-jre/guava-27.1-jre.jar:/Users/gabrielnicora/.m2/repository/com/google/guava/failureaccess/1.0.1/failureaccess-1.0.1.jar:/Users/gabrielnicora/.m2/repository/com/google/guava/listenablefuture/9999.0-empty-to-avoid-conflict-with-guava/listenablefuture-9999.0-empty-to-avoid-conflict-with-guava.jar:/Users/gabrielnicora/.m2/repository/com/google/code/findbugs/jsr305/3.0.2/jsr305-3.0.2.jar:/Users/gabrielnicora/.m2/repository/org/checkerframework/checker-qual/2.5.2/checker-qual-2.5.2.jar:/Users/gabrielnicora/.m2/repository/com/google/errorprone/error_prone_annotations/2.2.0/error_prone_annotations-2.2.0.jar:/Users/gabrielnicora/.m2/repository/com/google/j2objc/j2objc-annotations/1.1/j2objc-annotations-1.1.jar:/Users/gabrielnicora/.m2/repository/org/codehaus/mojo/animal-sniffer-annotations/1.17/animal-sniffer-annotations-1.17.jar:/Users/gabrielnicora/.m2/repository/commons-configuration/commons-configuration/1.10/commons-configuration-1.10.jar:/Users/gabrielnicora/.m2/repository/commons-lang/commons-lang/2.6/commons-lang-2.6.jar:/Users/gabrielnicora/.m2/repository/commons-logging/commons-logging/1.1.1/commons-logging-1.1.1.jar:"/>
    <property name="sun.cpu.endian" value="little"/>
    <property name="user.home" value="/Users/gabrielnicora"/>
    <property name="user.language" value="es"/>
    <property name="java.specification.vendor" value="Oracle Corporation"/>
    <property name="java.version.date" value="2022-01-18"/>
    <property name="java.home" value="/Library/Java/JavaVirtualMachines/temurin-17.jdk/Contents/Home"/>
    <property name="file.separator" value="/"/>
    <property name="basedir" value="/Users/gabrielnicora/repos/karate"/>
    <property name="java.vm.compressedOopsMode" value="Zero based"/>
    <property name="line.separator" value="&#10;"/>
    <property name="java.vm.specification.vendor" value="Oracle Corporation"/>
    <property name="java.specification.name" value="Java Platform API Specification"/>
    <property name="surefire.real.class.path" value="/Users/gabrielnicora/repos/karate/target/surefire/surefirebooter16721255729199695432.jar"/>
    <property name="sun.management.compiler" value="HotSpot 64-Bit Tiered Compilers"/>
    <property name="ftp.nonProxyHosts" value="local|*.local|169.254/16|*.169.254/16"/>
    <property name="java.runtime.version" value="17.0.2+8"/>
    <property name="user.name" value="gabrielnicora"/>
    <property name="path.separator" value=":"/>
    <property name="os.version" value="12.3.1"/>
    <property name="java.runtime.name" value="OpenJDK Runtime Environment"/>
    <property name="file.encoding" value="UTF-8"/>
    <property name="java.vm.name" value="OpenJDK 64-Bit Server VM"/>
    <property name="java.vendor.version" value="Temurin-17.0.2+8"/>
    <property name="localRepository" value="/Users/gabrielnicora/.m2/repository"/>
    <property name="java.vendor.url.bug" value="https://github.com/adoptium/adoptium-support/issues"/>
    <property name="java.io.tmpdir" value="/var/folders/zk/n0p9zk513jj00sng5mc4gqcc0000gn/T/"/>
    <property name="java.version" value="17.0.2"/>
    <property name="user.dir" value="/Users/gabrielnicora/repos/karate"/>
    <property name="os.arch" value="x86_64"/>
    <property name="java.vm.specification.name" value="Java Virtual Machine Specification"/>
    <property name="native.encoding" value="US-ASCII"/>
    <property name="java.library.path" value="/Users/gabrielnicora/Library/Java/Extensions:/Library/Java/Extensions:/Network/Library/Java/Extensions:/System/Library/Java/Extensions:/usr/lib/java:."/>
    <property name="java.vm.info" value="mixed mode, sharing"/>
    <property name="java.vendor" value="Eclipse Adoptium"/>
    <property name="java.vm.version" value="17.0.2+8"/>
    <property name="sun.io.unicode.encoding" value="UnicodeBig"/>
    <property name="socksNonProxyHosts" value="local|*.local|169.254/16|*.169.254/16"/>
    <property name="java.class.version" value="61.0"/>
  </properties>
  <testcase name="testParallel" classname="karate.KarateRunner" time="7.963">
    <failure message="status code was: 405, expected: 404, response time in milliseconds: 3750, url: https://api.test.getfivvy.com/payment-data/token/link/create?platform=android, response: &#10;&#10;classpath:karate/microservices/fivyy/payments.feature:14&#10;status code was: 405, expected: 404, response time in milliseconds: 3762, url: https://api.test.getfivvy.com/payment-data/token/link/create?platform=androids, response: &#10;&#10;classpath:karate/microservices/fivyy/payments.feature:20&#10;status code was: 403, expected: 404, response time in milliseconds: 4318, url: https://api.test.getfivvy.com/payment-data/token/link/create?platform=android, response: &#10;Invalid authorization token.&#10;classpath:karate/microservices/fivyy/payments.feature:26 ==&gt; expected: &lt;0&gt; but was: &lt;3&gt;" type="org.opentest4j.AssertionFailedError"><![CDATA[org.opentest4j.AssertionFailedError: 
status code was: 405, expected: 404, response time in milliseconds: 3750, url: https://api.test.getfivvy.com/payment-data/token/link/create?platform=android, response: 

classpath:karate/microservices/fivyy/payments.feature:14
status code was: 405, expected: 404, response time in milliseconds: 3762, url: https://api.test.getfivvy.com/payment-data/token/link/create?platform=androids, response: 

classpath:karate/microservices/fivyy/payments.feature:20
status code was: 403, expected: 404, response time in milliseconds: 4318, url: https://api.test.getfivvy.com/payment-data/token/link/create?platform=android, response: 
Invalid authorization token.
classpath:karate/microservices/fivyy/payments.feature:26 ==> expected: <0> but was: <3>
	at karate.KarateRunner.testParallel(KarateRunner.java:23)
]]></failure>
    <system-out><![CDATA[15:15:24.816 [main] INFO  com.intuit.karate.Runner - using system property 'karate.env': test
15:15:25.729 [main] DEBUG com.intuit.karate.Suite - [config] classpath:karate-config.js
15:15:25.755 [main] DEBUG com.intuit.karate.Suite - waiting for 46 features to complete
15:15:26.579 [pool-1-thread-1] INFO  com.intuit.karate - karate.env system property was: test 
15:15:26.579 [pool-1-thread-2] INFO  com.intuit.karate - karate.env system property was: test 
15:15:26.655 [pool-1-thread-3] INFO  com.intuit.karate - karate.env system property was: test 
15:15:26.681 [pool-1-thread-4] INFO  com.intuit.karate - karate.env system property was: test 
15:15:27.114 [pool-1-thread-3] DEBUG com.intuit.karate - request:
1 > GET https://api.test.getfivvy.com/payment-data/token/link/create?platform=androids
1 > Host: api.test.getfivvy.com
1 > Connection: Keep-Alive
1 > User-Agent: Apache-HttpClient/4.5.13 (Java/17.0.2)
1 > Accept-Encoding: gzip,deflate


15:15:27.122 [pool-1-thread-4] DEBUG com.intuit.karate - request:
1 > POST https://api.test.getfivvy.com/payment-data/token/link/create?platform=android
1 > Host: api.test.getfivvy.com
1 > Connection: Keep-Alive
1 > User-Agent: Apache-HttpClient/4.5.13 (Java/17.0.2)
1 > Accept-Encoding: gzip,deflate


15:15:27.123 [pool-1-thread-2] DEBUG com.intuit.karate - request:
1 > GET https://api.test.getfivvy.com/payment-data/token/link/create?platform=android
1 > Host: api.test.getfivvy.com
1 > Connection: Keep-Alive
1 > User-Agent: Apache-HttpClient/4.5.13 (Java/17.0.2)
1 > Accept-Encoding: gzip,deflate


15:15:27.127 [pool-1-thread-1] DEBUG com.intuit.karate - request:
1 > POST https://api.test.getfivvy.com/payment-datas/token/link/create?platform=android
1 > Host: api.test.getfivvy.com
1 > Connection: Keep-Alive
1 > User-Agent: Apache-HttpClient/4.5.13 (Java/17.0.2)
1 > Accept-Encoding: gzip,deflate


15:15:28.742 [pool-1-thread-1] DEBUG com.intuit.karate - response time in milliseconds: 1608
1 < 403
1 < Date: Wed, 06 Apr 2022 18:15:28 GMT
1 < Content-Type: application/json
1 < Content-Length: 23
1 < Connection: keep-alive
1 < x-amzn-RequestId: 00c9c775-d3f5-4932-94ee-05f8866e8371
1 < x-amzn-ErrorType: ForbiddenException
1 < x-amz-apigw-id: QK7OIHPqoAMF7Kw=
{"message":"Forbidden"}
15:15:30.876 [pool-1-thread-2] DEBUG com.intuit.karate - response time in milliseconds: 3750
1 < 405
1 < Date: Wed, 06 Apr 2022 18:15:30 GMT
1 < Content-Type: application/json
1 < Content-Length: 0
1 < Connection: keep-alive
1 < x-amzn-RequestId: b8d48683-0fba-4a39-abbf-a5609c63a7f2
1 < Allow: POST, OPTIONS
1 < x-amzn-Remapped-Content-Length: 0
1 < x-amz-apigw-id: QK7OIHbiIAMF2HQ=

15:15:30.876 [pool-1-thread-3] DEBUG com.intuit.karate - response time in milliseconds: 3762
1 < 405
1 < Date: Wed, 06 Apr 2022 18:15:30 GMT
1 < Content-Type: application/json
1 < Content-Length: 0
1 < Connection: keep-alive
1 < x-amzn-RequestId: 5de90d2a-e0a5-4a02-adbd-fa0beda5db0e
1 < Allow: POST, OPTIONS
1 < x-amzn-Remapped-Content-Length: 0
1 < x-amz-apigw-id: QK7OIHfTIAMFQ0w=

15:15:30.879 [pool-1-thread-3] ERROR com.intuit.karate - classpath:karate/microservices/fivyy/payments.feature:20
Then status 404
status code was: 405, expected: 404, response time in milliseconds: 3762, url: https://api.test.getfivvy.com/payment-data/token/link/create?platform=androids, response: 

classpath:karate/microservices/fivyy/payments.feature:20
15:15:30.881 [pool-1-thread-2] ERROR com.intuit.karate - classpath:karate/microservices/fivyy/payments.feature:14
Then status 404
status code was: 405, expected: 404, response time in milliseconds: 3750, url: https://api.test.getfivvy.com/payment-data/token/link/create?platform=android, response: 

classpath:karate/microservices/fivyy/payments.feature:14
15:15:31.444 [pool-1-thread-4] DEBUG com.intuit.karate - response time in milliseconds: 4318
1 < 403
1 < Date: Wed, 06 Apr 2022 18:15:31 GMT
1 < Content-Type: application/json
1 < Content-Length: 28
1 < Connection: keep-alive
1 < x-amzn-RequestId: 993d6268-31de-4b1d-b2b9-948c5f5018bf
1 < x-amzn-Remapped-Content-Length: 28
1 < x-amz-apigw-id: QK7OIEuLoAMFbgA=
Invalid authorization token.
15:15:31.446 [pool-1-thread-4] ERROR com.intuit.karate - classpath:karate/microservices/fivyy/payments.feature:26
Then status 404
status code was: 403, expected: 404, response time in milliseconds: 4318, url: https://api.test.getfivvy.com/payment-data/token/link/create?platform=android, response: 
Invalid authorization token.
classpath:karate/microservices/fivyy/payments.feature:26
---------------------------------------------------------
feature: classpath:karate/microservices/fivyy/payments.feature
scenarios:  4 | passed:  1 | failed:  3 | time: 14.6176
---------------------------------------------------------

15:15:32.420 [pool-2-thread-1] INFO  com.intuit.karate.Suite - <<fail>> feature 9 of 46 (37 remaining) classpath:karate/microservices/fivyy/payments.feature
Karate version: 1.0.1
======================================================
elapsed:   7.68 | threads:    5 | thread time: 14.62 
features:     1 | skipped:   45 | efficiency: 0.38
scenarios:    4 | passed:     1 | failed: 3
======================================================
>>> failed features:
status code was: 405, expected: 404, response time in milliseconds: 3750, url: https://api.test.getfivvy.com/payment-data/token/link/create?platform=android, response: 

classpath:karate/microservices/fivyy/payments.feature:14
status code was: 405, expected: 404, response time in milliseconds: 3762, url: https://api.test.getfivvy.com/payment-data/token/link/create?platform=androids, response: 

classpath:karate/microservices/fivyy/payments.feature:20
status code was: 403, expected: 404, response time in milliseconds: 4318, url: https://api.test.getfivvy.com/payment-data/token/link/create?platform=android, response: 
Invalid authorization token.
classpath:karate/microservices/fivyy/payments.feature:26
<<<

HTML report: (paste into browser to view) | Karate version: 1.0.1
file:///Users/gabrielnicora/repos/karate/target/karate-reports/karate-summary.html
===================================================================

]]></system-out>
  </testcase>
</testsuite>